# JRE version: Java(TM) SE Runtime Environment (11.0.4+10) (build 11.0.4+10-LTS)
# Java VM: Java HotSpot(TM) 64-Bit Server VM (11.0.4+10-LTS, mixed mode, tiered, compressed oops, g1 gc, windows-amd64)
Heap:
 garbage-first heap   total 671744K, used 74155K [0x0000000081600000, 0x0000000100000000)
  region size 1024K, 4 young (4096K), 4 survivors (4096K)
 Metaspace       used 24230K, capacity 25028K, committed 25212K, reserved 1071104K
  class space    used 2746K, capacity 3089K, committed 3196K, reserved 1048576K
GC Heap History (10 events):
Event: 32.320 GC heap after
{Heap after GC invocations=16 (full 0):
 garbage-first heap   total 331776K, used 67954K [0x0000000081600000, 0x0000000100000000)
  region size 1024K, 5 young (5120K), 5 survivors (5120K)
 Metaspace       used 23799K, capacity 24597K, committed 24956K, reserved 1071104K
  class space    used 2744K, capacity 3056K, committed 3196K, reserved 1048576K
}
Event: 32.860 GC heap before
{Heap before GC invocations=16 (full 0):
 garbage-first heap   total 331776K, used 95602K [0x0000000081600000, 0x0000000100000000)
  region size 1024K, 32 young (32768K), 5 survivors (5120K)
 Metaspace       used 23822K, capacity 24597K, committed 24956K, reserved 1071104K
  class space    used 2744K, capacity 3056K, committed 3196K, reserved 1048576K
}
Event: 32.867 GC heap after
{Heap after GC invocations=17 (full 0):
 garbage-first heap   total 331776K, used 70656K [0x0000000081600000, 0x0000000100000000)
  region size 1024K, 4 young (4096K), 4 survivors (4096K)
 Metaspace       used 23822K, capacity 24597K, committed 24956K, reserved 1071104K
  class space    used 2744K, capacity 3056K, committed 3196K, reserved 1048576K
}
Event: 36.259 GC heap before
{Heap before GC invocations=17 (full 0):
 garbage-first heap   total 331776K, used 112640K [0x0000000081600000, 0x0000000100000000)
  region size 1024K, 45 young (46080K), 4 survivors (4096K)
 Metaspace       used 23979K, capacity 24758K, committed 24956K, reserved 1071104K
  class space    used 2746K, capacity 3088K, committed 3196K, reserved 1048576K
}
Event: 36.263 GC heap after
{Heap after GC invocations=18 (full 0):
 garbage-first heap   total 331776K, used 70634K [0x0000000081600000, 0x0000000100000000)
  region size 1024K, 2 young (2048K), 2 survivors (2048K)
 Metaspace       used 23979K, capacity 24758K, committed 24956K, reserved 1071104K
  class space    used 2746K, capacity 3088K, committed 3196K, reserved 1048576K
}
Event: 41.408 GC heap before
{Heap before GC invocations=18 (full 0):
 garbage-first heap   total 331776K, used 141290K [0x0000000081600000, 0x0000000100000000)
  region size 1024K, 71 young (72704K), 2 survivors (2048K)
 Metaspace       used 24120K, capacity 24896K, committed 25212K, reserved 1071104K
  class space    used 2746K, capacity 3089K, committed 3196K, reserved 1048576K
}
Event: 41.414 GC heap after
{Heap after GC invocations=19 (full 0):
 garbage-first heap   total 331776K, used 70855K [0x0000000081600000, 0x0000000100000000)
  region size 1024K, 2 young (2048K), 2 survivors (2048K)
 Metaspace       used 24120K, capacity 24896K, committed 25212K, reserved 1071104K
  class space    used 2746K, capacity 3089K, committed 3196K, reserved 1048576K
}
Event: 42.962 GC heap before
{Heap before GC invocations=19 (full 0):
 garbage-first heap   total 331776K, used 212167K [0x0000000081600000, 0x0000000100000000)
  region size 1024K, 140 young (143360K), 2 survivors (2048K)
 Metaspace       used 24143K, capacity 24898K, committed 25212K, reserved 1071104K
  class space    used 2746K, capacity 3089K, committed 3196K, reserved 1048576K
}
Event: 43.187 GC heap after
{Heap after GC invocations=20 (full 0):
 garbage-first heap   total 331776K, used 86922K [0x0000000081600000, 0x0000000100000000)
  region size 1024K, 18 young (18432K), 18 survivors (18432K)
 Metaspace       used 24143K, capacity 24898K, committed 25212K, reserved 1071104K
  class space    used 2746K, capacity 3089K, committed 3196K, reserved 1048576K
}
Event: 49.150 GC heap before
{Heap before GC invocations=20 (full 0):
 garbage-first heap   total 331776K, used 228234K [0x0000000081600000, 0x0000000100000000)
  region size 1024K, 156 young (159744K), 18 survivors (18432K)
 Metaspace       used 24230K, capacity 25028K, committed 25212K, reserved 1071104K
  class space    used 2746K, capacity 3089K, committed 3196K, reserved 1048576K
}

